<?xml version="1.0" encoding="UTF-8" ?>
<testsuite errors="0" failures="1" hostname="WKD43" name="com.gtunes.AlbumTests" tests="1" time="0.239" timestamp="2013-09-24T03:36:07">
  <properties />
  <testcase classname="com.gtunes.AlbumTests" name="testSomething" time="0.078">
    <failure message="junit.framework.AssertionFailedError: Implement me" type="junit.framework.AssertionFailedError">junit.framework.AssertionFailedError: junit.framework.AssertionFailedError: Implement me
	at com.gtunes.AlbumTests.testSomething(AlbumTests.groovy:15)
</failure>
  </testcase>
  <system-out><![CDATA[--Output from testSomething--
]]></system-out>
  <system-err><![CDATA[--Output from testSomething--
]]></system-err>
</testsuite>
